<?xml version="1.0" encoding="UTF-8"?>
<!-- Generated by org.testng.reporters.JUnitReportReporter -->
<testsuite hostname="root" failures="0" tests="1" name="Test.Jenkins" time="13.887" errors="0" timestamp="2021-04-22T09:31:57 IST" skipped="0">
  <testcase classname="Test.Jenkins" name="url" time="13.887"/>
  <system-out/>
</testsuite> <!-- Test.Jenkins -->
